{"numFailedTestSuites":2,"numFailedTests":4,"numPassedTestSuites":3,"numPassedTests":25,"numPendingTestSuites":0,"numPendingTests":0,"numRuntimeErrorTestSuites":0,"numTodoTests":0,"numTotalTestSuites":5,"numTotalTests":29,"openHandles":[],"snapshot":{"added":0,"didUpdate":false,"failure":false,"filesAdded":0,"filesRemoved":0,"filesRemovedList":[],"filesUnmatched":0,"filesUpdated":0,"matched":0,"total":0,"unchecked":0,"uncheckedKeysByFile":[],"unmatched":0,"updated":0},"startTime":1720054514812,"success":false,"testResults":[{"assertionResults":[{"ancestorTitles":["Airport"],"failureMessages":[],"fullName":"Airport should display the correct initial capacity and planes in hanger","location":null,"status":"passed","title":"should display the correct initial capacity and planes in hanger"},{"ancestorTitles":["Airport"],"failureMessages":[],"fullName":"Airport should land a plane and update the hanger","location":null,"status":"passed","title":"should land a plane and update the hanger"},{"ancestorTitles":["Airport"],"failureMessages":["Error: \u001b[2mexpect(\u001b[22m\u001b[31melement\u001b[39m\u001b[2m).toHaveTextContent()\u001b[22m\n\nExpected element to have text content:\n\u001b[32m  Planes in hanger: 0\u001b[39m\nReceived:\n\u001b[31m  Planes in hanger: 1\u001b[39m\n\nIgnored nodes: comments, script, style\n\u001b[36m<html>\u001b[39m\n  \u001b[36m<head />\u001b[39m\n  \u001b[36m<body>\u001b[39m\n    \u001b[36m<div>\u001b[39m\n      \u001b[36m<div\u001b[39m\n        \u001b[33mclass\u001b[39m=\u001b[32m\"css-2rlxtj\"\u001b[39m\n        \u001b[33mdata-testid\u001b[39m=\u001b[32m\"hanger-container\"\u001b[39m\n      \u001b[36m>\u001b[39m\n        \u001b[36m<p\u001b[39m\n          \u001b[33mclass\u001b[39m=\u001b[32m\"chakra-text css-1n49pl7\"\u001b[39m\n        \u001b[36m>\u001b[39m\n          \u001b[0mAirport\u001b[0m\n        \u001b[36m</p>\u001b[39m\n        \u001b[36m<p\u001b[39m\n          \u001b[33mclass\u001b[39m=\u001b[32m\"chakra-text css-0\"\u001b[39m\n        \u001b[36m>\u001b[39m\n          \u001b[0mCapacity: \u001b[0m\n          \u001b[0m5\u001b[0m\n        \u001b[36m</p>\u001b[39m\n        \u001b[36m<p\u001b[39m\n          \u001b[33mclass\u001b[39m=\u001b[32m\"chakra-text css-0\"\u001b[39m\n          \u001b[33mdata-testid\u001b[39m=\u001b[32m\"hanger-count\"\u001b[39m\n          \u001b[33mrole\u001b[39m=\u001b[32m\"status\"\u001b[39m\n        \u001b[36m>\u001b[39m\n          \u001b[0mPlanes in hanger: \u001b[0m\n          \u001b[0m1\u001b[0m\n        \u001b[36m</p>\u001b[39m\n        \u001b[36m<button\u001b[39m\n          \u001b[33mclass\u001b[39m=\u001b[32m\"chakra-button css-6b9bn0\"\u001b[39m\n          \u001b[33mtype\u001b[39m=\u001b[32m\"button\"\u001b[39m\n        \u001b[36m>\u001b[39m\n          \u001b[0mLand Plane\u001b[0m\n        \u001b[36m</button>\u001b[39m\n        \u001b[36m<button\u001b[39m\n          \u001b[33mclass\u001b[39m=\u001b[32m\"chakra-button css-6b9bn0\"\u001b[39m\n          \u001b[33mdata-testid\u001b[39m=\u001b[32m\"takeoff-container\"\u001b[39m\n          \u001b[33mtype\u001b[39m=\u001b[32m\"button\"\u001b[39m\n        \u001b[36m>\u001b[39m\n          \u001b[0mTake Off Plane\u001b[0m\n        \u001b[36m</button>\u001b[39m\n        \u001b[36m<p\u001b[39m\n          \u001b[33mclass\u001b[39m=\u001b[32m\"chakra-text css-1fhgjcy\"\u001b[39m\n          \u001b[33mdata-testid\u001b[39m=\u001b[32m\"hanger-1\"\u001b[39m\n          \u001b[33mrole\u001b[39m=\u001b[32m\"status\"\u001b[39m\n        \u001b[36m>\u001b[39m\n          \u001b[0mStormy weather, unable to take off!\u001b[0m\n        \u001b[36m</p>\u001b[39m\n      \u001b[36m</div>\u001b[39m\n    \u001b[36m</div>\u001b[39m\n  \u001b[36m</body>\u001b[39m\n\u001b[36m</html>\u001b[39m\n    at /home/ubuntu/airport_challenge/javascript/src/Airport.test.js:44:50\n    at runWithExpensiveErrorDiagnosticsDisabled (/home/ubuntu/airport_challenge/javascript/node_modules/@testing-library/dom/dist/config.js:47:12)\n    at checkCallback (/home/ubuntu/airport_challenge/javascript/node_modules/@testing-library/dom/dist/wait-for.js:124:77)\n    at checkRealTimersCallback (/home/ubuntu/airport_challenge/javascript/node_modules/@testing-library/dom/dist/wait-for.js:118:16)\n    at Timeout.task [as _onTimeout] (/home/ubuntu/airport_challenge/javascript/node_modules/jsdom/lib/jsdom/browser/Window.js:516:19)\n    at listOnTimeout (node:internal/timers:569:17)\n    at processTimers (node:internal/timers:512:7)"],"fullName":"Airport should take off a plane and update the hanger","location":null,"status":"failed","title":"should take off a plane and update the hanger"},{"ancestorTitles":["Airport"],"failureMessages":["Error: \u001b[2mexpect(\u001b[22m\u001b[31melement\u001b[39m\u001b[2m).toHaveTextContent()\u001b[22m\n\nExpected element to have text content:\n\u001b[32m  Planes in hanger: 2\u001b[39m\nReceived:\n\u001b[31m  Planes in hanger: 1\u001b[39m\n\nIgnored nodes: comments, script, style\n\u001b[36m<html>\u001b[39m\n  \u001b[36m<head />\u001b[39m\n  \u001b[36m<body>\u001b[39m\n    \u001b[36m<div>\u001b[39m\n      \u001b[36m<div\u001b[39m\n        \u001b[33mclass\u001b[39m=\u001b[32m\"css-2rlxtj\"\u001b[39m\n        \u001b[33mdata-testid\u001b[39m=\u001b[32m\"hanger-container\"\u001b[39m\n      \u001b[36m>\u001b[39m\n        \u001b[36m<p\u001b[39m\n          \u001b[33mclass\u001b[39m=\u001b[32m\"chakra-text css-1n49pl7\"\u001b[39m\n        \u001b[36m>\u001b[39m\n          \u001b[0mAirport\u001b[0m\n        \u001b[36m</p>\u001b[39m\n        \u001b[36m<p\u001b[39m\n          \u001b[33mclass\u001b[39m=\u001b[32m\"chakra-text css-0\"\u001b[39m\n        \u001b[36m>\u001b[39m\n          \u001b[0mCapacity: \u001b[0m\n          \u001b[0m5\u001b[0m\n        \u001b[36m</p>\u001b[39m\n        \u001b[36m<p\u001b[39m\n          \u001b[33mclass\u001b[39m=\u001b[32m\"chakra-text css-0\"\u001b[39m\n          \u001b[33mdata-testid\u001b[39m=\u001b[32m\"hanger-count\"\u001b[39m\n          \u001b[33mrole\u001b[39m=\u001b[32m\"status\"\u001b[39m\n        \u001b[36m>\u001b[39m\n          \u001b[0mPlanes in hanger: \u001b[0m\n          \u001b[0m1\u001b[0m\n        \u001b[36m</p>\u001b[39m\n        \u001b[36m<button\u001b[39m\n          \u001b[33mclass\u001b[39m=\u001b[32m\"chakra-button css-6b9bn0\"\u001b[39m\n          \u001b[33mtype\u001b[39m=\u001b[32m\"button\"\u001b[39m\n        \u001b[36m>\u001b[39m\n          \u001b[0mLand Plane\u001b[0m\n        \u001b[36m</button>\u001b[39m\n        \u001b[36m<button\u001b[39m\n          \u001b[33mclass\u001b[39m=\u001b[32m\"chakra-button css-6b9bn0\"\u001b[39m\n          \u001b[33mdata-testid\u001b[39m=\u001b[32m\"takeoff-container\"\u001b[39m\n          \u001b[33mtype\u001b[39m=\u001b[32m\"button\"\u001b[39m\n        \u001b[36m>\u001b[39m\n          \u001b[0mTake Off Plane\u001b[0m\n        \u001b[36m</button>\u001b[39m\n        \u001b[36m<p\u001b[39m\n          \u001b[33mclass\u001b[39m=\u001b[32m\"chakra-text css-1fhgjcy\"\u001b[39m\n          \u001b[33mdata-testid\u001b[39m=\u001b[32m\"hanger-1\"\u001b[39m\n          \u001b[33mrole\u001b[39m=\u001b[32m\"status\"\u001b[39m\n        \u001b[36m>\u001b[39m\n          \u001b[0mThat plane is already here\u001b[0m\n        \u001b[36m</p>\u001b[39m\n      \u001b[36m</div>\u001b[39m\n    \u001b[36m</div>\u001b[39m\n  \u001b[36m</body>\u001b[39m\n\u001b[36m</html>\u001b[39m\n    at /home/ubuntu/airport_challenge/javascript/src/Airport.test.js:55:52\n    at runWithExpensiveErrorDiagnosticsDisabled (/home/ubuntu/airport_challenge/javascript/node_modules/@testing-library/dom/dist/config.js:47:12)\n    at checkCallback (/home/ubuntu/airport_challenge/javascript/node_modules/@testing-library/dom/dist/wait-for.js:124:77)\n    at checkRealTimersCallback (/home/ubuntu/airport_challenge/javascript/node_modules/@testing-library/dom/dist/wait-for.js:118:16)\n    at Timeout.task [as _onTimeout] (/home/ubuntu/airport_challenge/javascript/node_modules/jsdom/lib/jsdom/browser/Window.js:516:19)\n    at listOnTimeout (node:internal/timers:569:17)\n    at processTimers (node:internal/timers:512:7)"],"fullName":"Airport should display an error message when trying to land a plane in a full hanger","location":null,"status":"failed","title":"should display an error message when trying to land a plane in a full hanger"},{"ancestorTitles":["Airport"],"failureMessages":[],"fullName":"Airport should display an error message when trying to take off a plane during stormy weather","location":null,"status":"passed","title":"should display an error message when trying to take off a plane during stormy weather"},{"ancestorTitles":["Airport"],"failureMessages":["Error: Unable to find an element with the text: /That plane is already here/. This could be because the text is broken up by multiple elements. In this case, you can provide a function for your text matcher to make your matcher more flexible.\n\nIgnored nodes: comments, script, style\n\u001b[36m<body>\u001b[39m\n  \u001b[36m<div>\u001b[39m\n    \u001b[36m<div\u001b[39m\n      \u001b[33mclass\u001b[39m=\u001b[32m\"css-2rlxtj\"\u001b[39m\n      \u001b[33mdata-testid\u001b[39m=\u001b[32m\"hanger-container\"\u001b[39m\n    \u001b[36m>\u001b[39m\n      \u001b[36m<p\u001b[39m\n        \u001b[33mclass\u001b[39m=\u001b[32m\"chakra-text css-1n49pl7\"\u001b[39m\n      \u001b[36m>\u001b[39m\n        \u001b[0mAirport\u001b[0m\n      \u001b[36m</p>\u001b[39m\n      \u001b[36m<p\u001b[39m\n        \u001b[33mclass\u001b[39m=\u001b[32m\"chakra-text css-0\"\u001b[39m\n      \u001b[36m>\u001b[39m\n        \u001b[0mCapacity: \u001b[0m\n        \u001b[0m5\u001b[0m\n      \u001b[36m</p>\u001b[39m\n      \u001b[36m<p\u001b[39m\n        \u001b[33mclass\u001b[39m=\u001b[32m\"chakra-text css-0\"\u001b[39m\n        \u001b[33mdata-testid\u001b[39m=\u001b[32m\"hanger-count\"\u001b[39m\n        \u001b[33mrole\u001b[39m=\u001b[32m\"status\"\u001b[39m\n      \u001b[36m>\u001b[39m\n        \u001b[0mPlanes in hanger: \u001b[0m\n        \u001b[0m2\u001b[0m\n      \u001b[36m</p>\u001b[39m\n      \u001b[36m<button\u001b[39m\n        \u001b[33mclass\u001b[39m=\u001b[32m\"chakra-button css-6b9bn0\"\u001b[39m\n        \u001b[33mtype\u001b[39m=\u001b[32m\"button\"\u001b[39m\n      \u001b[36m>\u001b[39m\n        \u001b[0mLand Plane\u001b[0m\n      \u001b[36m</button>\u001b[39m\n      \u001b[36m<button\u001b[39m\n        \u001b[33mclass\u001b[39m=\u001b[32m\"chakra-button css-6b9bn0\"\u001b[39m\n        \u001b[33mdata-testid\u001b[39m=\u001b[32m\"takeoff-container\"\u001b[39m\n        \u001b[33mtype\u001b[39m=\u001b[32m\"button\"\u001b[39m\n      \u001b[36m>\u001b[39m\n        \u001b[0mTake Off Plane\u001b[0m\n      \u001b[36m</button>\u001b[39m\n      \u001b[36m<p\u001b[39m\n        \u001b[33mclass\u001b[39m=\u001b[32m\"chakra-text css-1fhgjcy\"\u001b[39m\n        \u001b[33mdata-testid\u001b[39m=\u001b[32m\"hanger-1\"\u001b[39m\n        \u001b[33mrole\u001b[39m=\u001b[32m\"status\"\u001b[39m\n      \u001b[36m>\u001b[39m\n        \u001b[0mPlane landed successfully.\u001b[0m\n      \u001b[36m</p>\u001b[39m\n    \u001b[36m</div>\u001b[39m\n  \u001b[36m</div>\u001b[39m\n\u001b[36m</body>\u001b[39m\n    at waitForWrapper (/home/ubuntu/airport_challenge/javascript/node_modules/@testing-library/dom/dist/wait-for.js:163:27)\n    at Object.<anonymous> (/home/ubuntu/airport_challenge/javascript/src/Airport.test.js:90:18)"],"fullName":"Airport should display an error message when trying to land a plane that is already in the hanger","location":null,"status":"failed","title":"should display an error message when trying to land a plane that is already in the hanger"},{"ancestorTitles":["Airport"],"failureMessages":[],"fullName":"Airport should display an error message when trying to take off a plane that is not in the hanger","location":null,"status":"passed","title":"should display an error message when trying to take off a plane that is not in the hanger"},{"ancestorTitles":["Airport"],"failureMessages":[],"fullName":"Airport should display a message when there are no planes available for takeoff","location":null,"status":"passed","title":"should display a message when there are no planes available for takeoff"}],"endTime":1720054520445,"message":"\u001b[1m\u001b[31m  \u001b[1m● \u001b[22m\u001b[1mAirport › should take off a plane and update the hanger\u001b[39m\u001b[22m\n\n    \u001b[2mexpect(\u001b[22m\u001b[31melement\u001b[39m\u001b[2m).toHaveTextContent()\u001b[22m\n\n    Expected element to have text content:\n    \u001b[32m  Planes in hanger: 0\u001b[39m\n    Received:\n    \u001b[31m  Planes in hanger: 1\u001b[39m\n\n    Ignored nodes: comments, script, style\n    \u001b[36m<html>\u001b[39m\n      \u001b[36m<head />\u001b[39m\n      \u001b[36m<body>\u001b[39m\n        \u001b[36m<div>\u001b[39m\n          \u001b[36m<div\u001b[39m\n            \u001b[33mclass\u001b[39m=\u001b[32m\"css-2rlxtj\"\u001b[39m\n            \u001b[33mdata-testid\u001b[39m=\u001b[32m\"hanger-container\"\u001b[39m\n          \u001b[36m>\u001b[39m\n            \u001b[36m<p\u001b[39m\n              \u001b[33mclass\u001b[39m=\u001b[32m\"chakra-text css-1n49pl7\"\u001b[39m\n            \u001b[36m>\u001b[39m\n              \u001b[0mAirport\u001b[0m\n            \u001b[36m</p>\u001b[39m\n            \u001b[36m<p\u001b[39m\n              \u001b[33mclass\u001b[39m=\u001b[32m\"chakra-text css-0\"\u001b[39m\n            \u001b[36m>\u001b[39m\n              \u001b[0mCapacity: \u001b[0m\n              \u001b[0m5\u001b[0m\n            \u001b[36m</p>\u001b[39m\n            \u001b[36m<p\u001b[39m\n              \u001b[33mclass\u001b[39m=\u001b[32m\"chakra-text css-0\"\u001b[39m\n              \u001b[33mdata-testid\u001b[39m=\u001b[32m\"hanger-count\"\u001b[39m\n              \u001b[33mrole\u001b[39m=\u001b[32m\"status\"\u001b[39m\n            \u001b[36m>\u001b[39m\n              \u001b[0mPlanes in hanger: \u001b[0m\n              \u001b[0m1\u001b[0m\n            \u001b[36m</p>\u001b[39m\n            \u001b[36m<button\u001b[39m\n              \u001b[33mclass\u001b[39m=\u001b[32m\"chakra-button css-6b9bn0\"\u001b[39m\n              \u001b[33mtype\u001b[39m=\u001b[32m\"button\"\u001b[39m\n            \u001b[36m>\u001b[39m\n              \u001b[0mLand Plane\u001b[0m\n            \u001b[36m</button>\u001b[39m\n            \u001b[36m<button\u001b[39m\n              \u001b[33mclass\u001b[39m=\u001b[32m\"chakra-button css-6b9bn0\"\u001b[39m\n              \u001b[33mdata-testid\u001b[39m=\u001b[32m\"takeoff-container\"\u001b[39m\n              \u001b[33mtype\u001b[39m=\u001b[32m\"button\"\u001b[39m\n            \u001b[36m>\u001b[39m\n              \u001b[0mTake Off Plane\u001b[0m\n            \u001b[36m</button>\u001b[39m\n            \u001b[36m<p\u001b[39m\n              \u001b[33mclass\u001b[39m=\u001b[32m\"chakra-text css-1fhgjcy\"\u001b[39m\n              \u001b[33mdata-testid\u001b[39m=\u001b[32m\"hanger-1\"\u001b[39m\n              \u001b[33mrole\u001b[39m=\u001b[32m\"status\"\u001b[39m\n            \u001b[36m>\u001b[39m\n              \u001b[0mStormy weather, unable to take off!\u001b[0m\n            \u001b[36m</p>\u001b[39m\n          \u001b[36m</div>\u001b[39m\n        \u001b[36m</div>\u001b[39m\n      \u001b[36m</body>\u001b[39m\n    \u001b[36m</html>\u001b[39m\n\u001b[2m\u001b[22m\n\u001b[2m    \u001b[0m \u001b[90m 42 |\u001b[39m     \u001b[36mawait\u001b[39m userEvent\u001b[33m.\u001b[39mclick(takeOffButton)\u001b[33m;\u001b[39m\u001b[22m\n\u001b[2m     \u001b[90m 43 |\u001b[39m     \u001b[36mawait\u001b[39m waitFor(() \u001b[33m=>\u001b[39m {\u001b[22m\n\u001b[2m    \u001b[31m\u001b[1m>\u001b[22m\u001b[2m\u001b[39m\u001b[90m 44 |\u001b[39m       expect(screen\u001b[33m.\u001b[39mgetByTestId(\u001b[32m'hanger-count'\u001b[39m))\u001b[33m.\u001b[39mtoHaveTextContent(\u001b[32m'Planes in hanger: 0'\u001b[39m)\u001b[33m;\u001b[39m\u001b[22m\n\u001b[2m     \u001b[90m    |\u001b[39m                                                  \u001b[31m\u001b[1m^\u001b[22m\u001b[2m\u001b[39m\u001b[22m\n\u001b[2m     \u001b[90m 45 |\u001b[39m     })\u001b[33m;\u001b[39m\u001b[22m\n\u001b[2m     \u001b[90m 46 |\u001b[39m   })\u001b[33m;\u001b[39m\u001b[22m\n\u001b[2m     \u001b[90m 47 |\u001b[39m\u001b[0m\u001b[22m\n\u001b[2m\u001b[22m\n\u001b[2m      \u001b[2mat \u001b[22m\u001b[2m\u001b[0m\u001b[36msrc/Airport.test.js\u001b[39m\u001b[0m\u001b[2m:44:50\u001b[22m\u001b[2m\u001b[22m\n\u001b[2m      \u001b[2mat runWithExpensiveErrorDiagnosticsDisabled (\u001b[22m\u001b[2mnode_modules/@testing-library/dom/dist/config.js\u001b[2m:47:12)\u001b[22m\u001b[2m\u001b[22m\n\u001b[2m      \u001b[2mat checkCallback (\u001b[22m\u001b[2mnode_modules/@testing-library/dom/dist/wait-for.js\u001b[2m:124:77)\u001b[22m\u001b[2m\u001b[22m\n\u001b[2m      \u001b[2mat checkRealTimersCallback (\u001b[22m\u001b[2mnode_modules/@testing-library/dom/dist/wait-for.js\u001b[2m:118:16)\u001b[22m\u001b[2m\u001b[22m\n\u001b[2m      \u001b[2mat Timeout.task [as _onTimeout] (\u001b[22m\u001b[2mnode_modules/jsdom/lib/jsdom/browser/Window.js\u001b[2m:516:19)\u001b[22m\u001b[2m\u001b[22m\n\n\u001b[1m\u001b[31m  \u001b[1m● \u001b[22m\u001b[1mAirport › should display an error message when trying to land a plane in a full hanger\u001b[39m\u001b[22m\n\n    \u001b[2mexpect(\u001b[22m\u001b[31melement\u001b[39m\u001b[2m).toHaveTextContent()\u001b[22m\n\n    Expected element to have text content:\n    \u001b[32m  Planes in hanger: 2\u001b[39m\n    Received:\n    \u001b[31m  Planes in hanger: 1\u001b[39m\n\n    Ignored nodes: comments, script, style\n    \u001b[36m<html>\u001b[39m\n      \u001b[36m<head />\u001b[39m\n      \u001b[36m<body>\u001b[39m\n        \u001b[36m<div>\u001b[39m\n          \u001b[36m<div\u001b[39m\n            \u001b[33mclass\u001b[39m=\u001b[32m\"css-2rlxtj\"\u001b[39m\n            \u001b[33mdata-testid\u001b[39m=\u001b[32m\"hanger-container\"\u001b[39m\n          \u001b[36m>\u001b[39m\n            \u001b[36m<p\u001b[39m\n              \u001b[33mclass\u001b[39m=\u001b[32m\"chakra-text css-1n49pl7\"\u001b[39m\n            \u001b[36m>\u001b[39m\n              \u001b[0mAirport\u001b[0m\n            \u001b[36m</p>\u001b[39m\n            \u001b[36m<p\u001b[39m\n              \u001b[33mclass\u001b[39m=\u001b[32m\"chakra-text css-0\"\u001b[39m\n            \u001b[36m>\u001b[39m\n              \u001b[0mCapacity: \u001b[0m\n              \u001b[0m5\u001b[0m\n            \u001b[36m</p>\u001b[39m\n            \u001b[36m<p\u001b[39m\n              \u001b[33mclass\u001b[39m=\u001b[32m\"chakra-text css-0\"\u001b[39m\n              \u001b[33mdata-testid\u001b[39m=\u001b[32m\"hanger-count\"\u001b[39m\n              \u001b[33mrole\u001b[39m=\u001b[32m\"status\"\u001b[39m\n            \u001b[36m>\u001b[39m\n              \u001b[0mPlanes in hanger: \u001b[0m\n              \u001b[0m1\u001b[0m\n            \u001b[36m</p>\u001b[39m\n            \u001b[36m<button\u001b[39m\n              \u001b[33mclass\u001b[39m=\u001b[32m\"chakra-button css-6b9bn0\"\u001b[39m\n              \u001b[33mtype\u001b[39m=\u001b[32m\"button\"\u001b[39m\n            \u001b[36m>\u001b[39m\n              \u001b[0mLand Plane\u001b[0m\n            \u001b[36m</button>\u001b[39m\n            \u001b[36m<button\u001b[39m\n              \u001b[33mclass\u001b[39m=\u001b[32m\"chakra-button css-6b9bn0\"\u001b[39m\n              \u001b[33mdata-testid\u001b[39m=\u001b[32m\"takeoff-container\"\u001b[39m\n              \u001b[33mtype\u001b[39m=\u001b[32m\"button\"\u001b[39m\n            \u001b[36m>\u001b[39m\n              \u001b[0mTake Off Plane\u001b[0m\n            \u001b[36m</button>\u001b[39m\n            \u001b[36m<p\u001b[39m\n              \u001b[33mclass\u001b[39m=\u001b[32m\"chakra-text css-1fhgjcy\"\u001b[39m\n              \u001b[33mdata-testid\u001b[39m=\u001b[32m\"hanger-1\"\u001b[39m\n              \u001b[33mrole\u001b[39m=\u001b[32m\"status\"\u001b[39m\n            \u001b[36m>\u001b[39m\n              \u001b[0mThat plane is already here\u001b[0m\n            \u001b[36m</p>\u001b[39m\n          \u001b[36m</div>\u001b[39m\n        \u001b[36m</div>\u001b[39m\n      \u001b[36m</body>\u001b[39m\n    \u001b[36m</html>\u001b[39m\n\u001b[2m\u001b[22m\n\u001b[2m    \u001b[0m \u001b[90m 53 |\u001b[39m       \u001b[36mawait\u001b[39m userEvent\u001b[33m.\u001b[39mclick(landButton)\u001b[33m;\u001b[39m\u001b[22m\n\u001b[2m     \u001b[90m 54 |\u001b[39m       \u001b[36mawait\u001b[39m waitFor(() \u001b[33m=>\u001b[39m {\u001b[22m\n\u001b[2m    \u001b[31m\u001b[1m>\u001b[22m\u001b[2m\u001b[39m\u001b[90m 55 |\u001b[39m         expect(screen\u001b[33m.\u001b[39mgetByTestId(\u001b[32m'hanger-count'\u001b[39m))\u001b[33m.\u001b[39mtoHaveTextContent(\u001b[32m`Planes in hanger: ${i + 1}`\u001b[39m)\u001b[33m;\u001b[39m\u001b[22m\n\u001b[2m     \u001b[90m    |\u001b[39m                                                    \u001b[31m\u001b[1m^\u001b[22m\u001b[2m\u001b[39m\u001b[22m\n\u001b[2m     \u001b[90m 56 |\u001b[39m       })\u001b[33m;\u001b[39m\u001b[22m\n\u001b[2m     \u001b[90m 57 |\u001b[39m     }\u001b[22m\n\u001b[2m     \u001b[90m 58 |\u001b[39m     \u001b[90m// Attempt one more landing to ensure the hanger is full\u001b[39m\u001b[0m\u001b[22m\n\u001b[2m\u001b[22m\n\u001b[2m      \u001b[2mat \u001b[22m\u001b[2m\u001b[0m\u001b[36msrc/Airport.test.js\u001b[39m\u001b[0m\u001b[2m:55:52\u001b[22m\u001b[2m\u001b[22m\n\u001b[2m      \u001b[2mat runWithExpensiveErrorDiagnosticsDisabled (\u001b[22m\u001b[2mnode_modules/@testing-library/dom/dist/config.js\u001b[2m:47:12)\u001b[22m\u001b[2m\u001b[22m\n\u001b[2m      \u001b[2mat checkCallback (\u001b[22m\u001b[2mnode_modules/@testing-library/dom/dist/wait-for.js\u001b[2m:124:77)\u001b[22m\u001b[2m\u001b[22m\n\u001b[2m      \u001b[2mat checkRealTimersCallback (\u001b[22m\u001b[2mnode_modules/@testing-library/dom/dist/wait-for.js\u001b[2m:118:16)\u001b[22m\u001b[2m\u001b[22m\n\u001b[2m      \u001b[2mat Timeout.task [as _onTimeout] (\u001b[22m\u001b[2mnode_modules/jsdom/lib/jsdom/browser/Window.js\u001b[2m:516:19)\u001b[22m\u001b[2m\u001b[22m\n\n\u001b[1m\u001b[31m  \u001b[1m● \u001b[22m\u001b[1mAirport › should display an error message when trying to land a plane that is already in the hanger\u001b[39m\u001b[22m\n\n    Unable to find an element with the text: /That plane is already here/. This could be because the text is broken up by multiple elements. In this case, you can provide a function for your text matcher to make your matcher more flexible.\n\n    Ignored nodes: comments, script, style\n    \u001b[36m<body>\u001b[39m\n      \u001b[36m<div>\u001b[39m\n        \u001b[36m<div\u001b[39m\n          \u001b[33mclass\u001b[39m=\u001b[32m\"css-2rlxtj\"\u001b[39m\n          \u001b[33mdata-testid\u001b[39m=\u001b[32m\"hanger-container\"\u001b[39m\n        \u001b[36m>\u001b[39m\n          \u001b[36m<p\u001b[39m\n            \u001b[33mclass\u001b[39m=\u001b[32m\"chakra-text css-1n49pl7\"\u001b[39m\n          \u001b[36m>\u001b[39m\n            \u001b[0mAirport\u001b[0m\n          \u001b[36m</p>\u001b[39m\n          \u001b[36m<p\u001b[39m\n            \u001b[33mclass\u001b[39m=\u001b[32m\"chakra-text css-0\"\u001b[39m\n          \u001b[36m>\u001b[39m\n            \u001b[0mCapacity: \u001b[0m\n            \u001b[0m5\u001b[0m\n          \u001b[36m</p>\u001b[39m\n          \u001b[36m<p\u001b[39m\n            \u001b[33mclass\u001b[39m=\u001b[32m\"chakra-text css-0\"\u001b[39m\n            \u001b[33mdata-testid\u001b[39m=\u001b[32m\"hanger-count\"\u001b[39m\n            \u001b[33mrole\u001b[39m=\u001b[32m\"status\"\u001b[39m\n          \u001b[36m>\u001b[39m\n            \u001b[0mPlanes in hanger: \u001b[0m\n            \u001b[0m2\u001b[0m\n          \u001b[36m</p>\u001b[39m\n          \u001b[36m<button\u001b[39m\n            \u001b[33mclass\u001b[39m=\u001b[32m\"chakra-button css-6b9bn0\"\u001b[39m\n            \u001b[33mtype\u001b[39m=\u001b[32m\"button\"\u001b[39m\n          \u001b[36m>\u001b[39m\n            \u001b[0mLand Plane\u001b[0m\n          \u001b[36m</button>\u001b[39m\n          \u001b[36m<button\u001b[39m\n            \u001b[33mclass\u001b[39m=\u001b[32m\"chakra-button css-6b9bn0\"\u001b[39m\n            \u001b[33mdata-testid\u001b[39m=\u001b[32m\"takeoff-container\"\u001b[39m\n            \u001b[33mtype\u001b[39m=\u001b[32m\"button\"\u001b[39m\n          \u001b[36m>\u001b[39m\n            \u001b[0mTake Off Plane\u001b[0m\n          \u001b[36m</button>\u001b[39m\n          \u001b[36m<p\u001b[39m\n            \u001b[33mclass\u001b[39m=\u001b[32m\"chakra-text css-1fhgjcy\"\u001b[39m\n            \u001b[33mdata-testid\u001b[39m=\u001b[32m\"hanger-1\"\u001b[39m\n            \u001b[33mrole\u001b[39m=\u001b[32m\"status\"\u001b[39m\n          \u001b[36m>\u001b[39m\n            \u001b[0mPlane landed successfully.\u001b[0m\n          \u001b[36m</p>\u001b[39m\n        \u001b[36m</div>\u001b[39m\n      \u001b[36m</div>\u001b[39m\n    \u001b[36m</body>\u001b[39m\n\u001b[2m\u001b[22m\n\u001b[2m    \u001b[0m \u001b[90m 88 |\u001b[39m     \u001b[90m// Attempt to land the same plane again\u001b[39m\u001b[22m\n\u001b[2m     \u001b[90m 89 |\u001b[39m     \u001b[36mawait\u001b[39m userEvent\u001b[33m.\u001b[39mclick(landButton)\u001b[33m;\u001b[39m\u001b[22m\n\u001b[2m    \u001b[31m\u001b[1m>\u001b[22m\u001b[2m\u001b[39m\u001b[90m 90 |\u001b[39m     \u001b[36mawait\u001b[39m waitFor(() \u001b[33m=>\u001b[39m {\u001b[22m\n\u001b[2m     \u001b[90m    |\u001b[39m                  \u001b[31m\u001b[1m^\u001b[22m\u001b[2m\u001b[39m\u001b[22m\n\u001b[2m     \u001b[90m 91 |\u001b[39m       expect(screen\u001b[33m.\u001b[39mgetByText(\u001b[35m/That plane is already here/\u001b[39m))\u001b[33m.\u001b[39mtoBeInTheDocument()\u001b[33m;\u001b[39m\u001b[22m\n\u001b[2m     \u001b[90m 92 |\u001b[39m     })\u001b[33m;\u001b[39m\u001b[22m\n\u001b[2m     \u001b[90m 93 |\u001b[39m   })\u001b[33m;\u001b[39m\u001b[0m\u001b[22m\n\u001b[2m\u001b[22m\n\u001b[2m      \u001b[2mat waitForWrapper (\u001b[22m\u001b[2mnode_modules/@testing-library/dom/dist/wait-for.js\u001b[2m:163:27)\u001b[22m\u001b[2m\u001b[22m\n\u001b[2m      \u001b[2mat Object.<anonymous> (\u001b[22m\u001b[2m\u001b[0m\u001b[36msrc/Airport.test.js\u001b[39m\u001b[0m\u001b[2m:90:18)\u001b[22m\u001b[2m\u001b[22m\n","name":"/home/ubuntu/airport_challenge/javascript/src/Airport.test.js","startTime":1720054515503,"status":"failed","summary":""},{"assertionResults":[{"ancestorTitles":["Airport Component"],"failureMessages":[],"fullName":"Airport Component renders Airport component","location":null,"status":"passed","title":"renders Airport component"},{"ancestorTitles":["Airport Component"],"failureMessages":[],"fullName":"Airport Component lands a plane successfully","location":null,"status":"passed","title":"lands a plane successfully"},{"ancestorTitles":["Airport Component"],"failureMessages":[],"fullName":"Airport Component prevents landing when hanger is full","location":null,"status":"passed","title":"prevents landing when hanger is full"},{"ancestorTitles":["Airport Component"],"failureMessages":[],"fullName":"Airport Component prevents landing when weather is stormy","location":null,"status":"passed","title":"prevents landing when weather is stormy"},{"ancestorTitles":["Airport Component"],"failureMessages":["Error: Unable to find an element with the text: /That\\s+plane\\s+is\\s+already\\s+here/. This could be because the text is broken up by multiple elements. In this case, you can provide a function for your text matcher to make your matcher more flexible.\n\nIgnored nodes: comments, script, style\n\u001b[36m<body>\u001b[39m\n  \u001b[36m<div>\u001b[39m\n    \u001b[36m<div\u001b[39m\n      \u001b[33mclass\u001b[39m=\u001b[32m\"css-2rlxtj\"\u001b[39m\n      \u001b[33mdata-testid\u001b[39m=\u001b[32m\"hanger-container\"\u001b[39m\n    \u001b[36m>\u001b[39m\n      \u001b[36m<p\u001b[39m\n        \u001b[33mclass\u001b[39m=\u001b[32m\"chakra-text css-1n49pl7\"\u001b[39m\n      \u001b[36m>\u001b[39m\n        \u001b[0mAirport\u001b[0m\n      \u001b[36m</p>\u001b[39m\n      \u001b[36m<p\u001b[39m\n        \u001b[33mclass\u001b[39m=\u001b[32m\"chakra-text css-0\"\u001b[39m\n      \u001b[36m>\u001b[39m\n        \u001b[0mCapacity: \u001b[0m\n        \u001b[0m5\u001b[0m\n      \u001b[36m</p>\u001b[39m\n      \u001b[36m<p\u001b[39m\n        \u001b[33mclass\u001b[39m=\u001b[32m\"chakra-text css-0\"\u001b[39m\n        \u001b[33mdata-testid\u001b[39m=\u001b[32m\"hanger-count\"\u001b[39m\n        \u001b[33mrole\u001b[39m=\u001b[32m\"status\"\u001b[39m\n      \u001b[36m>\u001b[39m\n        \u001b[0mPlanes in hanger: \u001b[0m\n        \u001b[0m2\u001b[0m\n      \u001b[36m</p>\u001b[39m\n      \u001b[36m<button\u001b[39m\n        \u001b[33mclass\u001b[39m=\u001b[32m\"chakra-button css-6b9bn0\"\u001b[39m\n        \u001b[33mtype\u001b[39m=\u001b[32m\"button\"\u001b[39m\n      \u001b[36m>\u001b[39m\n        \u001b[0mLand Plane\u001b[0m\n      \u001b[36m</button>\u001b[39m\n      \u001b[36m<button\u001b[39m\n        \u001b[33mclass\u001b[39m=\u001b[32m\"chakra-button css-6b9bn0\"\u001b[39m\n        \u001b[33mdata-testid\u001b[39m=\u001b[32m\"takeoff-container\"\u001b[39m\n        \u001b[33mtype\u001b[39m=\u001b[32m\"button\"\u001b[39m\n      \u001b[36m>\u001b[39m\n        \u001b[0mTake Off Plane\u001b[0m\n      \u001b[36m</button>\u001b[39m\n      \u001b[36m<p\u001b[39m\n        \u001b[33mclass\u001b[39m=\u001b[32m\"chakra-text css-1fhgjcy\"\u001b[39m\n        \u001b[33mdata-testid\u001b[39m=\u001b[32m\"hanger-1\"\u001b[39m\n        \u001b[33mrole\u001b[39m=\u001b[32m\"status\"\u001b[39m\n      \u001b[36m>\u001b[39m\n        \u001b[0mPlane landed successfully.\u001b[0m\n      \u001b[36m</p>\u001b[39m\n    \u001b[36m</div>\u001b[39m\n  \u001b[36m</div>\u001b[39m\n\u001b[36m</body>\u001b[39m\n    at waitForWrapper (/home/ubuntu/airport_challenge/javascript/node_modules/@testing-library/dom/dist/wait-for.js:163:27)\n    at Object.<anonymous> (/home/ubuntu/airport_challenge/javascript/src/Airport/Airport.test.tsx:67:18)"],"fullName":"Airport Component prevents landing when plane is already in hanger","location":null,"status":"failed","title":"prevents landing when plane is already in hanger"},{"ancestorTitles":["Airport Component"],"failureMessages":[],"fullName":"Airport Component takes off a plane successfully","location":null,"status":"passed","title":"takes off a plane successfully"},{"ancestorTitles":["Airport Component"],"failureMessages":[],"fullName":"Airport Component prevents takeoff when weather is stormy","location":null,"status":"passed","title":"prevents takeoff when weather is stormy"},{"ancestorTitles":["Airport Component"],"failureMessages":[],"fullName":"Airport Component prevents takeoff when no planes are available","location":null,"status":"passed","title":"prevents takeoff when no planes are available"},{"ancestorTitles":["Airport Component"],"failureMessages":[],"fullName":"Airport Component prevents takeoff when plane is not in hanger","location":null,"status":"passed","title":"prevents takeoff when plane is not in hanger"},{"ancestorTitles":["Airport Component"],"failureMessages":[],"fullName":"Airport Component handles multiple planes landing and taking off in sequence","location":null,"status":"passed","title":"handles multiple planes landing and taking off in sequence"},{"ancestorTitles":["Airport Component"],"failureMessages":[],"fullName":"Airport Component displays appropriate error message when weather turns stormy during landing","location":null,"status":"passed","title":"displays appropriate error message when weather turns stormy during landing"},{"ancestorTitles":["Airport Component"],"failureMessages":[],"fullName":"Airport Component displays appropriate error message when weather turns stormy during takeoff","location":null,"status":"passed","title":"displays appropriate error message when weather turns stormy during takeoff"},{"ancestorTitles":["Airport Component"],"failureMessages":[],"fullName":"Airport Component ensures state persistence across different actions","location":null,"status":"passed","title":"ensures state persistence across different actions"},{"ancestorTitles":["Airport Component"],"failureMessages":[],"fullName":"Airport Component verifies that isStormy mock function is called","location":null,"status":"passed","title":"verifies that isStormy mock function is called"}],"endTime":1720054523548,"message":"\u001b[1m\u001b[31m  \u001b[1m● \u001b[22m\u001b[1mAirport Component › prevents landing when plane is already in hanger\u001b[39m\u001b[22m\n\n    Unable to find an element with the text: /That\\s+plane\\s+is\\s+already\\s+here/. This could be because the text is broken up by multiple elements. In this case, you can provide a function for your text matcher to make your matcher more flexible.\n\n    Ignored nodes: comments, script, style\n    \u001b[36m<body>\u001b[39m\n      \u001b[36m<div>\u001b[39m\n        \u001b[36m<div\u001b[39m\n          \u001b[33mclass\u001b[39m=\u001b[32m\"css-2rlxtj\"\u001b[39m\n          \u001b[33mdata-testid\u001b[39m=\u001b[32m\"hanger-container\"\u001b[39m\n        \u001b[36m>\u001b[39m\n          \u001b[36m<p\u001b[39m\n            \u001b[33mclass\u001b[39m=\u001b[32m\"chakra-text css-1n49pl7\"\u001b[39m\n          \u001b[36m>\u001b[39m\n            \u001b[0mAirport\u001b[0m\n          \u001b[36m</p>\u001b[39m\n          \u001b[36m<p\u001b[39m\n            \u001b[33mclass\u001b[39m=\u001b[32m\"chakra-text css-0\"\u001b[39m\n          \u001b[36m>\u001b[39m\n            \u001b[0mCapacity: \u001b[0m\n            \u001b[0m5\u001b[0m\n          \u001b[36m</p>\u001b[39m\n          \u001b[36m<p\u001b[39m\n            \u001b[33mclass\u001b[39m=\u001b[32m\"chakra-text css-0\"\u001b[39m\n            \u001b[33mdata-testid\u001b[39m=\u001b[32m\"hanger-count\"\u001b[39m\n            \u001b[33mrole\u001b[39m=\u001b[32m\"status\"\u001b[39m\n          \u001b[36m>\u001b[39m\n            \u001b[0mPlanes in hanger: \u001b[0m\n            \u001b[0m2\u001b[0m\n          \u001b[36m</p>\u001b[39m\n          \u001b[36m<button\u001b[39m\n            \u001b[33mclass\u001b[39m=\u001b[32m\"chakra-button css-6b9bn0\"\u001b[39m\n            \u001b[33mtype\u001b[39m=\u001b[32m\"button\"\u001b[39m\n          \u001b[36m>\u001b[39m\n            \u001b[0mLand Plane\u001b[0m\n          \u001b[36m</button>\u001b[39m\n          \u001b[36m<button\u001b[39m\n            \u001b[33mclass\u001b[39m=\u001b[32m\"chakra-button css-6b9bn0\"\u001b[39m\n            \u001b[33mdata-testid\u001b[39m=\u001b[32m\"takeoff-container\"\u001b[39m\n            \u001b[33mtype\u001b[39m=\u001b[32m\"button\"\u001b[39m\n          \u001b[36m>\u001b[39m\n            \u001b[0mTake Off Plane\u001b[0m\n          \u001b[36m</button>\u001b[39m\n          \u001b[36m<p\u001b[39m\n            \u001b[33mclass\u001b[39m=\u001b[32m\"chakra-text css-1fhgjcy\"\u001b[39m\n            \u001b[33mdata-testid\u001b[39m=\u001b[32m\"hanger-1\"\u001b[39m\n            \u001b[33mrole\u001b[39m=\u001b[32m\"status\"\u001b[39m\n          \u001b[36m>\u001b[39m\n            \u001b[0mPlane landed successfully.\u001b[0m\n          \u001b[36m</p>\u001b[39m\n        \u001b[36m</div>\u001b[39m\n      \u001b[36m</div>\u001b[39m\n    \u001b[36m</body>\u001b[39m\n\u001b[2m\u001b[22m\n\u001b[2m    \u001b[0m \u001b[90m 65 |\u001b[39m     })\u001b[33m;\u001b[39m\u001b[22m\n\u001b[2m     \u001b[90m 66 |\u001b[39m     \u001b[36mawait\u001b[39m userEvent\u001b[33m.\u001b[39mclick(landButton)\u001b[33m;\u001b[39m\u001b[22m\n\u001b[2m    \u001b[31m\u001b[1m>\u001b[22m\u001b[2m\u001b[39m\u001b[90m 67 |\u001b[39m     \u001b[36mawait\u001b[39m waitFor(() \u001b[33m=>\u001b[39m {\u001b[22m\n\u001b[2m     \u001b[90m    |\u001b[39m                  \u001b[31m\u001b[1m^\u001b[22m\u001b[2m\u001b[39m\u001b[22m\n\u001b[2m     \u001b[90m 68 |\u001b[39m       expect(screen\u001b[33m.\u001b[39mgetByText(\u001b[35m/That\\s+plane\\s+is\\s+already\\s+here/\u001b[39m))\u001b[33m.\u001b[39mtoBeInTheDocument()\u001b[33m;\u001b[39m\u001b[22m\n\u001b[2m     \u001b[90m 69 |\u001b[39m     })\u001b[33m;\u001b[39m\u001b[22m\n\u001b[2m     \u001b[90m 70 |\u001b[39m   })\u001b[33m;\u001b[39m\u001b[0m\u001b[22m\n\u001b[2m\u001b[22m\n\u001b[2m      \u001b[2mat waitForWrapper (\u001b[22m\u001b[2mnode_modules/@testing-library/dom/dist/wait-for.js\u001b[2m:163:27)\u001b[22m\u001b[2m\u001b[22m\n\u001b[2m      \u001b[2mat Object.<anonymous> (\u001b[22m\u001b[2m\u001b[0m\u001b[36msrc/Airport/Airport.test.tsx\u001b[39m\u001b[0m\u001b[2m:67:18)\u001b[22m\u001b[2m\u001b[22m\n","name":"/home/ubuntu/airport_challenge/javascript/src/Airport/Airport.test.tsx","startTime":1720054520479,"status":"failed","summary":""},{"assertionResults":[{"ancestorTitles":["Weather Component"],"failureMessages":[],"fullName":"Weather Component returns true when the forecast is stormy","location":null,"status":"passed","title":"returns true when the forecast is stormy"},{"ancestorTitles":["Weather Component"],"failureMessages":[],"fullName":"Weather Component returns false when the forecast is sunny","location":null,"status":"passed","title":"returns false when the forecast is sunny"},{"ancestorTitles":["Weather Component"],"failureMessages":[],"fullName":"Weather Component returns both true and false over multiple calls","location":null,"status":"passed","title":"returns both true and false over multiple calls"}],"endTime":1720054523722,"message":"","name":"/home/ubuntu/airport_challenge/javascript/src/Weather/Weather.test.tsx","startTime":1720054523570,"status":"passed","summary":""},{"assertionResults":[{"ancestorTitles":["Weather"],"failureMessages":[],"fullName":"Weather should return true if the weather is stormy","location":null,"status":"passed","title":"should return true if the weather is stormy"},{"ancestorTitles":["Weather"],"failureMessages":[],"fullName":"Weather should return false if the weather is sunny","location":null,"status":"passed","title":"should return false if the weather is sunny"}],"endTime":1720054523886,"message":"","name":"/home/ubuntu/airport_challenge/javascript/src/Weather.test.js","startTime":1720054523739,"status":"passed","summary":""},{"assertionResults":[{"ancestorTitles":["Plane"],"failureMessages":[],"fullName":"Plane should be in the air after calling inTheAir","location":null,"status":"passed","title":"should be in the air after calling inTheAir"},{"ancestorTitles":["Plane"],"failureMessages":[],"fullName":"Plane should be landed after calling landed","location":null,"status":"passed","title":"should be landed after calling landed"}],"endTime":1720054524050,"message":"","name":"/home/ubuntu/airport_challenge/javascript/src/Plane.test.js","startTime":1720054523901,"status":"passed","summary":""}],"wasInterrupted":false}