{"numFailedTestSuites":0,"numFailedTests":0,"numPassedTestSuites":0,"numPassedTests":0,"numPendingTestSuites":3,"numPendingTests":21,"numRuntimeErrorTestSuites":0,"numTodoTests":0,"numTotalTestSuites":3,"numTotalTests":21,"openHandles":[],"snapshot":{"added":0,"didUpdate":false,"failure":false,"filesAdded":0,"filesRemoved":0,"filesRemovedList":[],"filesUnmatched":0,"filesUpdated":0,"matched":0,"total":0,"unchecked":0,"uncheckedKeysByFile":[],"unmatched":0,"updated":0},"startTime":1721073430411,"success":true,"testResults":[{"assertionResults":[{"ancestorTitles":["Airport Component"],"failureMessages":[],"fullName":"Airport Component renders Airport component","location":null,"status":"pending","title":"renders Airport component"},{"ancestorTitles":["Airport Component"],"failureMessages":[],"fullName":"Airport Component lands a plane successfully","location":null,"status":"pending","title":"lands a plane successfully"},{"ancestorTitles":["Airport Component"],"failureMessages":[],"fullName":"Airport Component prevents landing when hanger is full","location":null,"status":"pending","title":"prevents landing when hanger is full"},{"ancestorTitles":["Airport Component"],"failureMessages":[],"fullName":"Airport Component prevents landing when weather is stormy","location":null,"status":"pending","title":"prevents landing when weather is stormy"},{"ancestorTitles":["Airport Component"],"failureMessages":[],"fullName":"Airport Component prevents landing when plane is already in hanger","location":null,"status":"pending","title":"prevents landing when plane is already in hanger"},{"ancestorTitles":["Airport Component"],"failureMessages":[],"fullName":"Airport Component takes off a plane successfully","location":null,"status":"pending","title":"takes off a plane successfully"},{"ancestorTitles":["Airport Component"],"failureMessages":[],"fullName":"Airport Component prevents takeoff when weather is stormy","location":null,"status":"pending","title":"prevents takeoff when weather is stormy"},{"ancestorTitles":["Airport Component"],"failureMessages":[],"fullName":"Airport Component prevents takeoff when no planes are available","location":null,"status":"pending","title":"prevents takeoff when no planes are available"},{"ancestorTitles":["Airport Component"],"failureMessages":[],"fullName":"Airport Component prevents takeoff when plane is not in hanger","location":null,"status":"pending","title":"prevents takeoff when plane is not in hanger"},{"ancestorTitles":["Airport Component"],"failureMessages":[],"fullName":"Airport Component handles multiple planes landing","location":null,"status":"pending","title":"handles multiple planes landing"},{"ancestorTitles":["Airport Component"],"failureMessages":[],"fullName":"Airport Component handles multiple planes taking off","location":null,"status":"pending","title":"handles multiple planes taking off"},{"ancestorTitles":["Airport Component"],"failureMessages":[],"fullName":"Airport Component verifies plane IDs in the hangar after multiple operations","location":null,"status":"pending","title":"verifies plane IDs in the hangar after multiple operations"},{"ancestorTitles":["Airport Component"],"failureMessages":[],"fullName":"Airport Component displays appropriate error message when weather turns stormy during landing","location":null,"status":"pending","title":"displays appropriate error message when weather turns stormy during landing"},{"ancestorTitles":["Airport Component"],"failureMessages":[],"fullName":"Airport Component displays appropriate error message when weather turns stormy during takeoff","location":null,"status":"pending","title":"displays appropriate error message when weather turns stormy during takeoff"},{"ancestorTitles":["Airport Component"],"failureMessages":[],"fullName":"Airport Component ensures state persistence across different actions","location":null,"status":"pending","title":"ensures state persistence across different actions"},{"ancestorTitles":["Airport Component"],"failureMessages":[],"fullName":"Airport Component verifies that isStormy mock function is called during landing and takeoff","location":null,"status":"pending","title":"verifies that isStormy mock function is called during landing and takeoff"}],"endTime":1721073431965,"message":"","name":"/home/ubuntu/airport_challenge/javascript/src/Airport/Airport.test.tsx","startTime":1721073431156,"status":"passed","summary":""},{"assertionResults":[{"ancestorTitles":["Plane"],"failureMessages":[],"fullName":"Plane should be in the air after calling inTheAir","location":null,"status":"pending","title":"should be in the air after calling inTheAir"},{"ancestorTitles":["Plane"],"failureMessages":[],"fullName":"Plane should be landed after calling landed","location":null,"status":"pending","title":"should be landed after calling landed"}],"endTime":1721073432161,"message":"","name":"/home/ubuntu/airport_challenge/javascript/src/Plane/Plane.test.tsx","startTime":1721073432001,"status":"passed","summary":""},{"assertionResults":[{"ancestorTitles":["Weather Component"],"failureMessages":[],"fullName":"Weather Component returns true when the forecast is stormy","location":null,"status":"pending","title":"returns true when the forecast is stormy"},{"ancestorTitles":["Weather Component"],"failureMessages":[],"fullName":"Weather Component returns false when the forecast is sunny","location":null,"status":"pending","title":"returns false when the forecast is sunny"},{"ancestorTitles":["Weather Component"],"failureMessages":[],"fullName":"Weather Component returns both true and false over multiple calls","location":null,"status":"pending","title":"returns both true and false over multiple calls"}],"endTime":1721073432342,"message":"","name":"/home/ubuntu/airport_challenge/javascript/src/Weather/Weather.test.tsx","startTime":1721073432191,"status":"passed","summary":""}],"wasInterrupted":false}