<?xml version="1.0" encoding="UTF-8"?>
<coverage generated="1720108781867" clover="3.2.0">
  <project timestamp="1720108781867" name="All files">
    <metrics statements="65" coveredstatements="55" conditionals="23" coveredconditionals="17" methods="20" coveredmethods="18" elements="108" coveredelements="90" complexity="0" loc="65" ncloc="65" packages="4" files="5" classes="5"/>
    <package name="src">
      <metrics statements="2" coveredstatements="0" conditionals="0" coveredconditionals="0" methods="1" coveredmethods="0"/>
      <file name="App.js" path="/home/ubuntu/airport_challenge/javascript/src/App.js">
        <metrics statements="1" coveredstatements="0" conditionals="0" coveredconditionals="0" methods="1" coveredmethods="0"/>
        <line num="6" count="0" type="stmt"/>
      </file>
      <file name="index.js" path="/home/ubuntu/airport_challenge/javascript/src/index.js">
        <metrics statements="1" coveredstatements="0" conditionals="0" coveredconditionals="0" methods="0" coveredmethods="0"/>
        <line num="5" count="0" type="stmt"/>
      </file>
    </package>
    <package name="src.Airport">
      <metrics statements="55" coveredstatements="47" conditionals="22" coveredconditionals="16" methods="15" coveredmethods="14"/>
      <file name="Airport.tsx" path="/home/ubuntu/airport_challenge/javascript/src/Airport/Airport.tsx">
        <metrics statements="55" coveredstatements="47" conditionals="22" coveredconditionals="16" methods="15" coveredmethods="14"/>
        <line num="6" count="2" type="stmt"/>
        <line num="8" count="2" type="stmt"/>
        <line num="9" count="67" type="stmt"/>
        <line num="10" count="67" type="stmt"/>
        <line num="11" count="67" type="stmt"/>
        <line num="13" count="67" type="stmt"/>
        <line num="14" count="31" type="stmt"/>
        <line num="15" count="31" type="cond" truecount="1" falsecount="1"/>
        <line num="16" count="0" type="stmt"/>
        <line num="18" count="31" type="cond" truecount="2" falsecount="0"/>
        <line num="19" count="2" type="stmt"/>
        <line num="21" count="29" type="cond" truecount="2" falsecount="0"/>
        <line num="22" count="2" type="stmt"/>
        <line num="24" count="27" type="stmt"/>
        <line num="25" count="27" type="stmt"/>
        <line num="26" count="27" type="stmt"/>
        <line num="28" count="4" type="stmt"/>
        <line num="32" count="67" type="stmt"/>
        <line num="33" count="9" type="stmt"/>
        <line num="34" count="9" type="cond" truecount="1" falsecount="1"/>
        <line num="35" count="0" type="stmt"/>
        <line num="37" count="9" type="cond" truecount="2" falsecount="0"/>
        <line num="38" count="3" type="stmt"/>
        <line num="40" count="6" type="stmt"/>
        <line num="41" count="9" type="stmt"/>
        <line num="42" count="6" type="stmt"/>
        <line num="44" count="3" type="stmt"/>
        <line num="48" count="67" type="stmt"/>
        <line num="49" count="63" type="stmt"/>
        <line num="52" count="67" type="stmt"/>
        <line num="53" count="40" type="stmt"/>
        <line num="56" count="67" type="stmt"/>
        <line num="57" count="32" type="cond" truecount="2" falsecount="0"/>
        <line num="58" count="1" type="stmt"/>
        <line num="59" count="1" type="stmt"/>
        <line num="61" count="31" type="cond" truecount="1" falsecount="1"/>
        <line num="62" count="0" type="stmt"/>
        <line num="63" count="0" type="stmt"/>
        <line num="65" count="31" type="stmt"/>
        <line num="66" count="31" type="stmt"/>
        <line num="70" count="67" type="stmt"/>
        <line num="71" count="13" type="cond" truecount="1" falsecount="1"/>
        <line num="72" count="0" type="stmt"/>
        <line num="73" count="0" type="cond" truecount="0" falsecount="2"/>
        <line num="74" count="0" type="stmt"/>
        <line num="76" count="0" type="stmt"/>
        <line num="79" count="13" type="cond" truecount="2" falsecount="0"/>
        <line num="80" count="9" type="stmt"/>
        <line num="81" count="9" type="stmt"/>
        <line num="83" count="4" type="stmt"/>
        <line num="88" count="67" type="stmt"/>
        <line num="89" count="31" type="stmt"/>
        <line num="92" count="67" type="stmt"/>
        <line num="97" count="32" type="stmt"/>
        <line num="98" count="13" type="stmt"/>
      </file>
    </package>
    <package name="src.Plane">
      <metrics statements="4" coveredstatements="4" conditionals="1" coveredconditionals="1" methods="3" coveredmethods="3"/>
      <file name="Plane.tsx" path="/home/ubuntu/airport_challenge/javascript/src/Plane/Plane.tsx">
        <metrics statements="4" coveredstatements="4" conditionals="1" coveredconditionals="1" methods="3" coveredmethods="3"/>
        <line num="6" count="33" type="stmt"/>
        <line num="7" count="33" type="stmt"/>
        <line num="11" count="7" type="stmt"/>
        <line num="15" count="28" type="stmt"/>
      </file>
    </package>
    <package name="src.Weather">
      <metrics statements="4" coveredstatements="4" conditionals="0" coveredconditionals="0" methods="1" coveredmethods="1"/>
      <file name="Weather.tsx" path="/home/ubuntu/airport_challenge/javascript/src/Weather/Weather.tsx">
        <metrics statements="4" coveredstatements="4" conditionals="0" coveredconditionals="0" methods="1" coveredmethods="1"/>
        <line num="3" count="3" type="stmt"/>
        <line num="5" count="3" type="stmt"/>
        <line num="6" count="111" type="stmt"/>
        <line num="7" count="111" type="stmt"/>
      </file>
    </package>
  </project>
</coverage>
