{"/home/ubuntu/airport_challenge/javascript/src/Airport/Airport.tsx": {"path":"/home/ubuntu/airport_challenge/javascript/src/Airport/Airport.tsx","statementMap":{"0":{"start":{"line":6,"column":25},"end":{"line":6,"column":26}},"1":{"start":{"line":8,"column":26},"end":{"line":102,"column":1}},"2":{"start":{"line":9,"column":30},"end":{"line":9,"column":51}},"3":{"start":{"line":10,"column":21},"end":{"line":10,"column":55}},"4":{"start":{"line":11,"column":32},"end":{"line":11,"column":52}},"5":{"start":{"line":13,"column":15},"end":{"line":30,"column":3}},"6":{"start":{"line":14,"column":4},"end":{"line":29,"column":5}},"7":{"start":{"line":15,"column":6},"end":{"line":17,"column":7}},"8":{"start":{"line":16,"column":8},"end":{"line":16,"column":55}},"9":{"start":{"line":18,"column":6},"end":{"line":20,"column":7}},"10":{"start":{"line":19,"column":8},"end":{"line":19,"column":54}},"11":{"start":{"line":21,"column":6},"end":{"line":23,"column":7}},"12":{"start":{"line":22,"column":8},"end":{"line":22,"column":66}},"13":{"start":{"line":24,"column":6},"end":{"line":24,"column":21}},"14":{"start":{"line":25,"column":6},"end":{"line":25,"column":54}},"15":{"start":{"line":25,"column":30},"end":{"line":25,"column":52}},"16":{"start":{"line":26,"column":6},"end":{"line":26,"column":47}},"17":{"start":{"line":28,"column":6},"end":{"line":28,"column":43}},"18":{"start":{"line":32,"column":18},"end":{"line":46,"column":3}},"19":{"start":{"line":33,"column":4},"end":{"line":45,"column":5}},"20":{"start":{"line":34,"column":6},"end":{"line":36,"column":7}},"21":{"start":{"line":35,"column":8},"end":{"line":35,"column":59}},"22":{"start":{"line":37,"column":6},"end":{"line":39,"column":7}},"23":{"start":{"line":38,"column":8},"end":{"line":38,"column":63}},"24":{"start":{"line":40,"column":6},"end":{"line":40,"column":23}},"25":{"start":{"line":41,"column":6},"end":{"line":41,"column":73}},"26":{"start":{"line":41,"column":30},"end":{"line":41,"column":71}},"27":{"start":{"line":41,"column":53},"end":{"line":41,"column":70}},"28":{"start":{"line":42,"column":6},"end":{"line":42,"column":49}},"29":{"start":{"line":44,"column":6},"end":{"line":44,"column":43}},"30":{"start":{"line":48,"column":21},"end":{"line":50,"column":3}},"31":{"start":{"line":49,"column":4},"end":{"line":49,"column":37}},"32":{"start":{"line":52,"column":17},"end":{"line":54,"column":3}},"33":{"start":{"line":53,"column":4},"end":{"line":53,"column":47}},"34":{"start":{"line":53,"column":28},"end":{"line":53,"column":45}},"35":{"start":{"line":56,"column":21},"end":{"line":68,"column":3}},"36":{"start":{"line":57,"column":4},"end":{"line":60,"column":5}},"37":{"start":{"line":58,"column":6},"end":{"line":58,"column":48}},"38":{"start":{"line":59,"column":6},"end":{"line":59,"column":13}},"39":{"start":{"line":61,"column":4},"end":{"line":67,"column":5}},"40":{"start":{"line":62,"column":20},"end":{"line":62,"column":38}},"41":{"start":{"line":63,"column":6},"end":{"line":63,"column":24}},"42":{"start":{"line":65,"column":23},"end":{"line":65,"column":52}},"43":{"start":{"line":66,"column":6},"end":{"line":66,"column":27}},"44":{"start":{"line":70,"column":24},"end":{"line":86,"column":3}},"45":{"start":{"line":71,"column":4},"end":{"line":85,"column":5}},"46":{"start":{"line":72,"column":20},"end":{"line":72,"column":54}},"47":{"start":{"line":72,"column":37},"end":{"line":72,"column":53}},"48":{"start":{"line":73,"column":6},"end":{"line":77,"column":7}},"49":{"start":{"line":74,"column":8},"end":{"line":74,"column":29}},"50":{"start":{"line":76,"column":8},"end":{"line":76,"column":54}},"51":{"start":{"line":79,"column":6},"end":{"line":84,"column":7}},"52":{"start":{"line":80,"column":22},"end":{"line":80,"column":31}},"53":{"start":{"line":81,"column":8},"end":{"line":81,"column":29}},"54":{"start":{"line":83,"column":8},"end":{"line":83,"column":55}},"55":{"start":{"line":88,"column":27},"end":{"line":90,"column":3}},"56":{"start":{"line":89,"column":4},"end":{"line":89,"column":57}},"57":{"start":{"line":92,"column":2},"end":{"line":101,"column":4}},"58":{"start":{"line":97,"column":48},"end":{"line":97,"column":60}},"59":{"start":{"line":98,"column":47},"end":{"line":98,"column":62}}},"fnMap":{"0":{"name":"(anonymous_0)","decl":{"start":{"line":8,"column":26},"end":{"line":8,"column":27}},"loc":{"start":{"line":8,"column":32},"end":{"line":102,"column":1}},"line":8},"1":{"name":"(anonymous_1)","decl":{"start":{"line":13,"column":15},"end":{"line":13,"column":16}},"loc":{"start":{"line":13,"column":39},"end":{"line":30,"column":3}},"line":13},"2":{"name":"(anonymous_2)","decl":{"start":{"line":25,"column":16},"end":{"line":25,"column":17}},"loc":{"start":{"line":25,"column":30},"end":{"line":25,"column":52}},"line":25},"3":{"name":"(anonymous_3)","decl":{"start":{"line":32,"column":18},"end":{"line":32,"column":19}},"loc":{"start":{"line":32,"column":42},"end":{"line":46,"column":3}},"line":32},"4":{"name":"(anonymous_4)","decl":{"start":{"line":41,"column":16},"end":{"line":41,"column":17}},"loc":{"start":{"line":41,"column":30},"end":{"line":41,"column":71}},"line":41},"5":{"name":"(anonymous_5)","decl":{"start":{"line":41,"column":48},"end":{"line":41,"column":49}},"loc":{"start":{"line":41,"column":53},"end":{"line":41,"column":70}},"line":41},"6":{"name":"(anonymous_6)","decl":{"start":{"line":48,"column":21},"end":{"line":48,"column":22}},"loc":{"start":{"line":48,"column":36},"end":{"line":50,"column":3}},"line":48},"7":{"name":"(anonymous_7)","decl":{"start":{"line":52,"column":17},"end":{"line":52,"column":18}},"loc":{"start":{"line":52,"column":44},"end":{"line":54,"column":3}},"line":52},"8":{"name":"(anonymous_8)","decl":{"start":{"line":53,"column":23},"end":{"line":53,"column":24}},"loc":{"start":{"line":53,"column":28},"end":{"line":53,"column":45}},"line":53},"9":{"name":"(anonymous_9)","decl":{"start":{"line":56,"column":21},"end":{"line":56,"column":22}},"loc":{"start":{"line":56,"column":49},"end":{"line":68,"column":3}},"line":56},"10":{"name":"(anonymous_10)","decl":{"start":{"line":70,"column":24},"end":{"line":70,"column":25}},"loc":{"start":{"line":70,"column":52},"end":{"line":86,"column":3}},"line":70},"11":{"name":"(anonymous_11)","decl":{"start":{"line":72,"column":32},"end":{"line":72,"column":33}},"loc":{"start":{"line":72,"column":37},"end":{"line":72,"column":53}},"line":72},"12":{"name":"(anonymous_12)","decl":{"start":{"line":88,"column":27},"end":{"line":88,"column":28}},"loc":{"start":{"line":88,"column":41},"end":{"line":90,"column":3}},"line":88},"13":{"name":"(anonymous_13)","decl":{"start":{"line":97,"column":42},"end":{"line":97,"column":43}},"loc":{"start":{"line":97,"column":48},"end":{"line":97,"column":60}},"line":97},"14":{"name":"(anonymous_14)","decl":{"start":{"line":98,"column":41},"end":{"line":98,"column":42}},"loc":{"start":{"line":98,"column":47},"end":{"line":98,"column":62}},"line":98}},"branchMap":{"0":{"loc":{"start":{"line":15,"column":6},"end":{"line":17,"column":7}},"type":"if","locations":[{"start":{"line":15,"column":6},"end":{"line":17,"column":7}},{"start":{},"end":{}}],"line":15},"1":{"loc":{"start":{"line":18,"column":6},"end":{"line":20,"column":7}},"type":"if","locations":[{"start":{"line":18,"column":6},"end":{"line":20,"column":7}},{"start":{},"end":{}}],"line":18},"2":{"loc":{"start":{"line":21,"column":6},"end":{"line":23,"column":7}},"type":"if","locations":[{"start":{"line":21,"column":6},"end":{"line":23,"column":7}},{"start":{},"end":{}}],"line":21},"3":{"loc":{"start":{"line":34,"column":6},"end":{"line":36,"column":7}},"type":"if","locations":[{"start":{"line":34,"column":6},"end":{"line":36,"column":7}},{"start":{},"end":{}}],"line":34},"4":{"loc":{"start":{"line":37,"column":6},"end":{"line":39,"column":7}},"type":"if","locations":[{"start":{"line":37,"column":6},"end":{"line":39,"column":7}},{"start":{},"end":{}}],"line":37},"5":{"loc":{"start":{"line":57,"column":4},"end":{"line":60,"column":5}},"type":"if","locations":[{"start":{"line":57,"column":4},"end":{"line":60,"column":5}},{"start":{},"end":{}}],"line":57},"6":{"loc":{"start":{"line":61,"column":4},"end":{"line":67,"column":5}},"type":"if","locations":[{"start":{"line":61,"column":4},"end":{"line":67,"column":5}},{"start":{"line":64,"column":11},"end":{"line":67,"column":5}}],"line":61},"7":{"loc":{"start":{"line":71,"column":4},"end":{"line":85,"column":5}},"type":"if","locations":[{"start":{"line":71,"column":4},"end":{"line":85,"column":5}},{"start":{"line":78,"column":11},"end":{"line":85,"column":5}}],"line":71},"8":{"loc":{"start":{"line":73,"column":6},"end":{"line":77,"column":7}},"type":"if","locations":[{"start":{"line":73,"column":6},"end":{"line":77,"column":7}},{"start":{"line":75,"column":13},"end":{"line":77,"column":7}}],"line":73},"9":{"loc":{"start":{"line":79,"column":6},"end":{"line":84,"column":7}},"type":"if","locations":[{"start":{"line":79,"column":6},"end":{"line":84,"column":7}},{"start":{"line":82,"column":13},"end":{"line":84,"column":7}}],"line":79},"10":{"loc":{"start":{"line":99,"column":7},"end":{"line":99,"column":84}},"type":"binary-expr","locations":[{"start":{"line":99,"column":7},"end":{"line":99,"column":14}},{"start":{"line":99,"column":18},"end":{"line":99,"column":84}}],"line":99}},"s":{"0":1,"1":1,"2":19,"3":19,"4":19,"5":19,"6":7,"7":7,"8":0,"9":7,"10":2,"11":5,"12":0,"13":5,"14":5,"15":5,"16":5,"17":2,"18":19,"19":2,"20":2,"21":0,"22":2,"23":1,"24":1,"25":1,"26":1,"27":1,"28":1,"29":1,"30":19,"31":14,"32":19,"33":9,"34":4,"35":19,"36":7,"37":0,"38":0,"39":7,"40":0,"41":0,"42":7,"43":7,"44":19,"45":4,"46":0,"47":0,"48":0,"49":0,"50":0,"51":4,"52":2,"53":2,"54":2,"55":19,"56":7,"57":19,"58":7,"59":4},"f":{"0":19,"1":7,"2":5,"3":2,"4":1,"5":1,"6":14,"7":9,"8":4,"9":7,"10":4,"11":0,"12":7,"13":7,"14":4},"b":{"0":[0,7],"1":[2,5],"2":[0,5],"3":[0,2],"4":[1,1],"5":[0,7],"6":[0,7],"7":[0,4],"8":[0,0],"9":[2,2],"10":[19,11]},"_coverageSchema":"1a1c01bbd47fc00a2c39e90264f33305004495a9","hash":"34ab1386c178aab50a2f9f7a004db84c78806f18"}
}
