{"/home/ubuntu/airport_challenge/javascript/src/App.js": {"path":"/home/ubuntu/airport_challenge/javascript/src/App.js","statementMap":{"0":{"start":{"line":6,"column":2},"end":{"line":12,"column":4}}},"fnMap":{"0":{"name":"App","decl":{"start":{"line":5,"column":9},"end":{"line":5,"column":12}},"loc":{"start":{"line":5,"column":15},"end":{"line":13,"column":1}},"line":5}},"branchMap":{},"s":{"0":0},"f":{"0":0},"b":{}}
,"/home/ubuntu/airport_challenge/javascript/src/index.js": {"path":"/home/ubuntu/airport_challenge/javascript/src/index.js","statementMap":{"0":{"start":{"line":5,"column":0},"end":{"line":10,"column":2}}},"fnMap":{},"branchMap":{},"s":{"0":0},"f":{},"b":{}}
,"/home/ubuntu/airport_challenge/javascript/src/Airport/Airport.tsx": {"path":"/home/ubuntu/airport_challenge/javascript/src/Airport/Airport.tsx","statementMap":{"0":{"start":{"line":6,"column":25},"end":{"line":6,"column":26}},"1":{"start":{"line":8,"column":26},"end":{"line":98,"column":1}},"2":{"start":{"line":9,"column":30},"end":{"line":9,"column":51}},"3":{"start":{"line":10,"column":21},"end":{"line":10,"column":55}},"4":{"start":{"line":11,"column":32},"end":{"line":11,"column":52}},"5":{"start":{"line":13,"column":15},"end":{"line":30,"column":3}},"6":{"start":{"line":14,"column":4},"end":{"line":29,"column":5}},"7":{"start":{"line":15,"column":6},"end":{"line":17,"column":7}},"8":{"start":{"line":16,"column":8},"end":{"line":16,"column":55}},"9":{"start":{"line":18,"column":6},"end":{"line":20,"column":7}},"10":{"start":{"line":19,"column":8},"end":{"line":19,"column":54}},"11":{"start":{"line":21,"column":6},"end":{"line":23,"column":7}},"12":{"start":{"line":22,"column":8},"end":{"line":22,"column":66}},"13":{"start":{"line":24,"column":6},"end":{"line":24,"column":21}},"14":{"start":{"line":25,"column":6},"end":{"line":25,"column":54}},"15":{"start":{"line":25,"column":30},"end":{"line":25,"column":52}},"16":{"start":{"line":26,"column":6},"end":{"line":26,"column":47}},"17":{"start":{"line":28,"column":6},"end":{"line":28,"column":43}},"18":{"start":{"line":32,"column":18},"end":{"line":46,"column":3}},"19":{"start":{"line":33,"column":4},"end":{"line":45,"column":5}},"20":{"start":{"line":34,"column":6},"end":{"line":36,"column":7}},"21":{"start":{"line":35,"column":8},"end":{"line":35,"column":59}},"22":{"start":{"line":37,"column":6},"end":{"line":39,"column":7}},"23":{"start":{"line":38,"column":8},"end":{"line":38,"column":63}},"24":{"start":{"line":40,"column":6},"end":{"line":40,"column":23}},"25":{"start":{"line":41,"column":6},"end":{"line":41,"column":73}},"26":{"start":{"line":41,"column":30},"end":{"line":41,"column":71}},"27":{"start":{"line":41,"column":53},"end":{"line":41,"column":70}},"28":{"start":{"line":42,"column":6},"end":{"line":42,"column":49}},"29":{"start":{"line":44,"column":6},"end":{"line":44,"column":43}},"30":{"start":{"line":48,"column":21},"end":{"line":50,"column":3}},"31":{"start":{"line":49,"column":4},"end":{"line":49,"column":37}},"32":{"start":{"line":52,"column":17},"end":{"line":54,"column":3}},"33":{"start":{"line":53,"column":4},"end":{"line":53,"column":47}},"34":{"start":{"line":53,"column":28},"end":{"line":53,"column":45}},"35":{"start":{"line":56,"column":21},"end":{"line":64,"column":3}},"36":{"start":{"line":57,"column":4},"end":{"line":63,"column":5}},"37":{"start":{"line":58,"column":20},"end":{"line":58,"column":38}},"38":{"start":{"line":59,"column":6},"end":{"line":59,"column":18}},"39":{"start":{"line":61,"column":23},"end":{"line":61,"column":52}},"40":{"start":{"line":62,"column":6},"end":{"line":62,"column":21}},"41":{"start":{"line":66,"column":24},"end":{"line":82,"column":3}},"42":{"start":{"line":67,"column":4},"end":{"line":81,"column":5}},"43":{"start":{"line":68,"column":20},"end":{"line":68,"column":54}},"44":{"start":{"line":68,"column":37},"end":{"line":68,"column":53}},"45":{"start":{"line":69,"column":6},"end":{"line":73,"column":7}},"46":{"start":{"line":70,"column":8},"end":{"line":70,"column":23}},"47":{"start":{"line":72,"column":8},"end":{"line":72,"column":54}},"48":{"start":{"line":75,"column":6},"end":{"line":80,"column":7}},"49":{"start":{"line":76,"column":22},"end":{"line":76,"column":31}},"50":{"start":{"line":77,"column":8},"end":{"line":77,"column":23}},"51":{"start":{"line":79,"column":8},"end":{"line":79,"column":55}},"52":{"start":{"line":84,"column":27},"end":{"line":86,"column":3}},"53":{"start":{"line":85,"column":4},"end":{"line":85,"column":57}},"54":{"start":{"line":88,"column":2},"end":{"line":97,"column":4}},"55":{"start":{"line":93,"column":48},"end":{"line":93,"column":69}},"56":{"start":{"line":94,"column":47},"end":{"line":94,"column":71}}},"fnMap":{"0":{"name":"(anonymous_0)","decl":{"start":{"line":8,"column":26},"end":{"line":8,"column":27}},"loc":{"start":{"line":8,"column":32},"end":{"line":98,"column":1}},"line":8},"1":{"name":"(anonymous_1)","decl":{"start":{"line":13,"column":15},"end":{"line":13,"column":16}},"loc":{"start":{"line":13,"column":33},"end":{"line":30,"column":3}},"line":13},"2":{"name":"(anonymous_2)","decl":{"start":{"line":25,"column":16},"end":{"line":25,"column":17}},"loc":{"start":{"line":25,"column":30},"end":{"line":25,"column":52}},"line":25},"3":{"name":"(anonymous_3)","decl":{"start":{"line":32,"column":18},"end":{"line":32,"column":19}},"loc":{"start":{"line":32,"column":36},"end":{"line":46,"column":3}},"line":32},"4":{"name":"(anonymous_4)","decl":{"start":{"line":41,"column":16},"end":{"line":41,"column":17}},"loc":{"start":{"line":41,"column":30},"end":{"line":41,"column":71}},"line":41},"5":{"name":"(anonymous_5)","decl":{"start":{"line":41,"column":48},"end":{"line":41,"column":49}},"loc":{"start":{"line":41,"column":53},"end":{"line":41,"column":70}},"line":41},"6":{"name":"(anonymous_6)","decl":{"start":{"line":48,"column":21},"end":{"line":48,"column":22}},"loc":{"start":{"line":48,"column":36},"end":{"line":50,"column":3}},"line":48},"7":{"name":"(anonymous_7)","decl":{"start":{"line":52,"column":17},"end":{"line":52,"column":18}},"loc":{"start":{"line":52,"column":44},"end":{"line":54,"column":3}},"line":52},"8":{"name":"(anonymous_8)","decl":{"start":{"line":53,"column":23},"end":{"line":53,"column":24}},"loc":{"start":{"line":53,"column":28},"end":{"line":53,"column":45}},"line":53},"9":{"name":"(anonymous_9)","decl":{"start":{"line":56,"column":21},"end":{"line":56,"column":22}},"loc":{"start":{"line":56,"column":43},"end":{"line":64,"column":3}},"line":56},"10":{"name":"(anonymous_10)","decl":{"start":{"line":66,"column":24},"end":{"line":66,"column":25}},"loc":{"start":{"line":66,"column":46},"end":{"line":82,"column":3}},"line":66},"11":{"name":"(anonymous_11)","decl":{"start":{"line":68,"column":32},"end":{"line":68,"column":33}},"loc":{"start":{"line":68,"column":37},"end":{"line":68,"column":53}},"line":68},"12":{"name":"(anonymous_12)","decl":{"start":{"line":84,"column":27},"end":{"line":84,"column":28}},"loc":{"start":{"line":84,"column":41},"end":{"line":86,"column":3}},"line":84},"13":{"name":"(anonymous_13)","decl":{"start":{"line":93,"column":42},"end":{"line":93,"column":43}},"loc":{"start":{"line":93,"column":48},"end":{"line":93,"column":69}},"line":93},"14":{"name":"(anonymous_14)","decl":{"start":{"line":94,"column":41},"end":{"line":94,"column":42}},"loc":{"start":{"line":94,"column":47},"end":{"line":94,"column":71}},"line":94}},"branchMap":{"0":{"loc":{"start":{"line":15,"column":6},"end":{"line":17,"column":7}},"type":"if","locations":[{"start":{"line":15,"column":6},"end":{"line":17,"column":7}},{"start":{},"end":{}}],"line":15},"1":{"loc":{"start":{"line":18,"column":6},"end":{"line":20,"column":7}},"type":"if","locations":[{"start":{"line":18,"column":6},"end":{"line":20,"column":7}},{"start":{},"end":{}}],"line":18},"2":{"loc":{"start":{"line":21,"column":6},"end":{"line":23,"column":7}},"type":"if","locations":[{"start":{"line":21,"column":6},"end":{"line":23,"column":7}},{"start":{},"end":{}}],"line":21},"3":{"loc":{"start":{"line":34,"column":6},"end":{"line":36,"column":7}},"type":"if","locations":[{"start":{"line":34,"column":6},"end":{"line":36,"column":7}},{"start":{},"end":{}}],"line":34},"4":{"loc":{"start":{"line":37,"column":6},"end":{"line":39,"column":7}},"type":"if","locations":[{"start":{"line":37,"column":6},"end":{"line":39,"column":7}},{"start":{},"end":{}}],"line":37},"5":{"loc":{"start":{"line":57,"column":4},"end":{"line":63,"column":5}},"type":"if","locations":[{"start":{"line":57,"column":4},"end":{"line":63,"column":5}},{"start":{"line":60,"column":11},"end":{"line":63,"column":5}}],"line":57},"6":{"loc":{"start":{"line":67,"column":4},"end":{"line":81,"column":5}},"type":"if","locations":[{"start":{"line":67,"column":4},"end":{"line":81,"column":5}},{"start":{"line":74,"column":11},"end":{"line":81,"column":5}}],"line":67},"7":{"loc":{"start":{"line":69,"column":6},"end":{"line":73,"column":7}},"type":"if","locations":[{"start":{"line":69,"column":6},"end":{"line":73,"column":7}},{"start":{"line":71,"column":13},"end":{"line":73,"column":7}}],"line":69},"8":{"loc":{"start":{"line":75,"column":6},"end":{"line":80,"column":7}},"type":"if","locations":[{"start":{"line":75,"column":6},"end":{"line":80,"column":7}},{"start":{"line":78,"column":13},"end":{"line":80,"column":7}}],"line":75},"9":{"loc":{"start":{"line":95,"column":7},"end":{"line":95,"column":61}},"type":"binary-expr","locations":[{"start":{"line":95,"column":7},"end":{"line":95,"column":14}},{"start":{"line":95,"column":18},"end":{"line":95,"column":61}}],"line":95}},"s":{"0":2,"1":2,"2":59,"3":59,"4":59,"5":59,"6":25,"7":25,"8":0,"9":25,"10":6,"11":19,"12":3,"13":16,"14":16,"15":16,"16":16,"17":9,"18":59,"19":7,"20":7,"21":0,"22":7,"23":3,"24":4,"25":4,"26":4,"27":4,"28":4,"29":3,"30":59,"31":25,"32":59,"33":32,"34":13,"35":59,"36":25,"37":25,"38":25,"39":0,"40":0,"41":59,"42":11,"43":11,"44":7,"45":11,"46":7,"47":4,"48":0,"49":0,"50":0,"51":0,"52":59,"53":0,"54":59,"55":25,"56":11},"f":{"0":59,"1":25,"2":16,"3":7,"4":4,"5":4,"6":25,"7":32,"8":13,"9":25,"10":11,"11":7,"12":0,"13":25,"14":11},"b":{"0":[0,25],"1":[6,19],"2":[3,16],"3":[0,7],"4":[3,4],"5":[25,0],"6":[11,0],"7":[7,4],"8":[0,0],"9":[59,36]},"_coverageSchema":"1a1c01bbd47fc00a2c39e90264f33305004495a9","hash":"d25a1adb5430c42b7ffd08829487d680e4f713d0"}
,"/home/ubuntu/airport_challenge/javascript/src/Plane/Plane.tsx": {"path":"/home/ubuntu/airport_challenge/javascript/src/Plane/Plane.tsx","statementMap":{"0":{"start":{"line":6,"column":4},"end":{"line":6,"column":17}},"1":{"start":{"line":7,"column":4},"end":{"line":7,"column":27}},"2":{"start":{"line":11,"column":4},"end":{"line":11,"column":24}},"3":{"start":{"line":15,"column":4},"end":{"line":15,"column":25}}},"fnMap":{"0":{"name":"(anonymous_0)","decl":{"start":{"line":5,"column":2},"end":{"line":5,"column":3}},"loc":{"start":{"line":5,"column":52},"end":{"line":8,"column":3}},"line":5},"1":{"name":"(anonymous_1)","decl":{"start":{"line":10,"column":2},"end":{"line":10,"column":3}},"loc":{"start":{"line":10,"column":13},"end":{"line":12,"column":3}},"line":10},"2":{"name":"(anonymous_2)","decl":{"start":{"line":14,"column":2},"end":{"line":14,"column":3}},"loc":{"start":{"line":14,"column":11},"end":{"line":16,"column":3}},"line":14}},"branchMap":{"0":{"loc":{"start":{"line":5,"column":26},"end":{"line":5,"column":50}},"type":"default-arg","locations":[{"start":{"line":5,"column":45},"end":{"line":5,"column":50}}],"line":5}},"s":{"0":27,"1":27,"2":5,"3":17},"f":{"0":27,"1":5,"2":17},"b":{"0":[27]},"_coverageSchema":"1a1c01bbd47fc00a2c39e90264f33305004495a9","hash":"003e5cf756f7a37dcdbefd234d2f5cf7c803bb5b"}
,"/home/ubuntu/airport_challenge/javascript/src/Weather/Weather.tsx": {"path":"/home/ubuntu/airport_challenge/javascript/src/Weather/Weather.tsx","statementMap":{"0":{"start":{"line":3,"column":28},"end":{"line":3,"column":65}},"1":{"start":{"line":5,"column":24},"end":{"line":8,"column":1}},"2":{"start":{"line":6,"column":19},"end":{"line":6,"column":74}},"3":{"start":{"line":7,"column":2},"end":{"line":7,"column":31}}},"fnMap":{"0":{"name":"(anonymous_0)","decl":{"start":{"line":5,"column":24},"end":{"line":5,"column":25}},"loc":{"start":{"line":5,"column":39},"end":{"line":8,"column":1}},"line":5}},"branchMap":{},"s":{"0":3,"1":3,"2":112,"3":112},"f":{"0":112},"b":{},"_coverageSchema":"1a1c01bbd47fc00a2c39e90264f33305004495a9","hash":"2ddd59e8ce1fbdffb65c9e4ede96ff9789c1b75e"}
}
