TN:
SF:src/App.js
FN:5,App
FNF:1
FNH:0
FNDA:0,App
DA:6,0
LF:1
LH:0
BRF:0
BRH:0
end_of_record
TN:
SF:src/index.js
FNF:0
FNH:0
DA:5,0
LF:1
LH:0
BRF:0
BRH:0
end_of_record
TN:
SF:src/Airport/Airport.tsx
FN:8,(anonymous_0)
FN:13,(anonymous_1)
FN:25,(anonymous_2)
FN:32,(anonymous_3)
FN:41,(anonymous_4)
FN:41,(anonymous_5)
FN:48,(anonymous_6)
FN:52,(anonymous_7)
FN:53,(anonymous_8)
FN:56,(anonymous_9)
FN:66,(anonymous_10)
FN:68,(anonymous_11)
FN:84,(anonymous_12)
FN:93,(anonymous_13)
FN:94,(anonymous_14)
FNF:15
FNH:14
FNDA:66,(anonymous_0)
FNDA:31,(anonymous_1)
FNDA:26,(anonymous_2)
FNDA:9,(anonymous_3)
FNDA:6,(anonymous_4)
FNDA:9,(anonymous_5)
FNDA:31,(anonymous_6)
FNDA:39,(anonymous_7)
FNDA:29,(anonymous_8)
FNDA:31,(anonymous_9)
FNDA:13,(anonymous_10)
FNDA:0,(anonymous_11)
FNDA:31,(anonymous_12)
FNDA:31,(anonymous_13)
FNDA:13,(anonymous_14)
DA:6,2
DA:8,2
DA:9,66
DA:10,66
DA:11,66
DA:13,66
DA:14,31
DA:15,31
DA:16,1
DA:18,30
DA:19,1
DA:21,29
DA:22,3
DA:24,26
DA:25,26
DA:26,26
DA:28,5
DA:32,66
DA:33,9
DA:34,9
DA:35,0
DA:37,9
DA:38,3
DA:40,6
DA:41,9
DA:42,6
DA:44,3
DA:48,66
DA:49,31
DA:52,66
DA:53,39
DA:56,66
DA:57,31
DA:58,0
DA:59,0
DA:61,31
DA:62,31
DA:66,66
DA:67,13
DA:68,0
DA:69,0
DA:70,0
DA:72,0
DA:75,13
DA:76,9
DA:77,9
DA:79,4
DA:84,66
DA:85,31
DA:88,66
DA:93,31
DA:94,13
LF:52
LH:45
BRDA:15,0,0,1
BRDA:15,0,1,30
BRDA:18,1,0,1
BRDA:18,1,1,29
BRDA:21,2,0,3
BRDA:21,2,1,26
BRDA:34,3,0,0
BRDA:34,3,1,9
BRDA:37,4,0,3
BRDA:37,4,1,6
BRDA:57,5,0,0
BRDA:57,5,1,31
BRDA:67,6,0,0
BRDA:67,6,1,13
BRDA:69,7,0,0
BRDA:69,7,1,0
BRDA:75,8,0,9
BRDA:75,8,1,4
BRDA:95,9,0,66
BRDA:95,9,1,44
BRF:20
BRH:15
end_of_record
TN:
SF:src/Plane/Plane.tsx
FN:5,(anonymous_0)
FN:10,(anonymous_1)
FN:14,(anonymous_2)
FNF:3
FNH:3
FNDA:33,(anonymous_0)
FNDA:7,(anonymous_1)
FNDA:27,(anonymous_2)
DA:6,33
DA:7,33
DA:11,7
DA:15,27
LF:4
LH:4
BRDA:5,0,0,33
BRF:1
BRH:1
end_of_record
TN:
SF:src/Weather/Weather.tsx
FN:5,(anonymous_0)
FNF:1
FNH:1
FNDA:111,(anonymous_0)
DA:3,3
DA:5,3
DA:6,111
DA:7,111
LF:4
LH:4
BRF:0
BRH:0
end_of_record
