TN:
SF:src/App.js
FN:5,App
FNF:1
FNH:0
FNDA:0,App
DA:6,0
LF:1
LH:0
BRF:0
BRH:0
end_of_record
TN:
SF:src/index.js
FNF:0
FNH:0
DA:5,0
LF:1
LH:0
BRF:0
BRH:0
end_of_record
TN:
SF:src/Airport/Airport.tsx
FN:16,(anonymous_0)
FN:21,(anonymous_1)
FN:26,(anonymous_2)
FN:35,(anonymous_3)
FN:36,(anonymous_4)
FN:43,(anonymous_5)
FN:50,(anonymous_6)
FN:51,(anonymous_7)
FN:52,(anonymous_8)
FN:58,(anonymous_9)
FN:62,(anonymous_10)
FN:63,(anonymous_11)
FN:66,(anonymous_12)
FN:85,(anonymous_13)
FN:87,(anonymous_14)
FN:98,(anonymous_15)
FN:105,(anonymous_16)
FN:107,(anonymous_17)
FN:122,(anonymous_18)
FN:129,(anonymous_19)
FN:129,(anonymous_20)
FN:135,(anonymous_21)
FN:135,(anonymous_22)
FNF:23
FNH:20
FNDA:22,(anonymous_0)
FNDA:113,(anonymous_1)
FNDA:24,(anonymous_2)
FNDA:21,(anonymous_3)
FNDA:21,(anonymous_4)
FNDA:7,(anonymous_5)
FNDA:5,(anonymous_6)
FNDA:5,(anonymous_7)
FNDA:8,(anonymous_8)
FNDA:49,(anonymous_9)
FNDA:31,(anonymous_10)
FNDA:26,(anonymous_11)
FNDA:25,(anonymous_12)
FNDA:9,(anonymous_13)
FNDA:0,(anonymous_14)
FNDA:24,(anonymous_15)
FNDA:66,(anonymous_16)
FNDA:26,(anonymous_17)
FNDA:26,(anonymous_18)
FNDA:25,(anonymous_19)
FNDA:0,(anonymous_20)
FNDA:9,(anonymous_21)
FNDA:0,(anonymous_22)
DA:9,1
DA:16,1
DA:17,22
DA:18,22
DA:21,1
DA:22,113
DA:23,113
DA:24,113
DA:26,113
DA:27,24
DA:28,0
DA:29,24
DA:30,1
DA:31,23
DA:32,2
DA:34,21
DA:35,21
DA:36,21
DA:37,21
DA:38,21
DA:43,113
DA:44,7
DA:45,0
DA:46,7
DA:47,2
DA:49,5
DA:50,5
DA:51,5
DA:52,8
DA:53,5
DA:58,113
DA:59,49
DA:62,113
DA:63,31
DA:66,113
DA:67,25
DA:68,1
DA:69,1
DA:71,24
DA:72,24
DA:73,24
DA:74,0
DA:75,0
DA:77,24
DA:78,24
DA:79,21
DA:81,3
DA:85,113
DA:86,9
DA:87,9
DA:88,9
DA:89,7
DA:91,2
DA:94,2
DA:98,113
DA:99,24
DA:100,0
DA:102,24
DA:105,113
DA:106,66
DA:107,26
DA:108,40
DA:114,113
DA:122,26
DA:129,25
DA:135,9
LF:66
LH:61
BRDA:21,0,0,0
BRDA:21,1,0,113
BRDA:27,2,0,0
BRDA:27,2,1,24
BRDA:29,3,0,1
BRDA:29,3,1,23
BRDA:31,4,0,2
BRDA:31,4,1,21
BRDA:44,5,0,0
BRDA:44,5,1,7
BRDA:46,6,0,2
BRDA:46,6,1,5
BRDA:67,7,0,1
BRDA:67,7,1,24
BRDA:72,8,0,24
BRDA:72,8,1,22
BRDA:73,9,0,0
BRDA:73,9,1,24
BRDA:87,10,0,0
BRDA:87,10,1,9
BRDA:88,11,0,7
BRDA:88,11,1,2
BRDA:99,12,0,0
BRDA:99,12,1,24
BRDA:106,13,0,26
BRDA:106,13,1,40
BRDA:108,14,0,40
BRDA:108,14,1,0
BRF:28
BRH:21
end_of_record
TN:
SF:src/Plane/Plane.tsx
FN:5,(anonymous_0)
FN:10,(anonymous_1)
FN:14,(anonymous_2)
FNF:3
FNH:3
FNDA:26,(anonymous_0)
FNDA:6,(anonymous_1)
FNDA:22,(anonymous_2)
DA:6,26
DA:7,26
DA:11,6
DA:15,22
LF:4
LH:4
BRDA:5,0,0,25
BRF:1
BRH:1
end_of_record
TN:
SF:src/Weather/Weather.tsx
FN:5,(anonymous_0)
FNF:1
FNH:1
FNDA:102,(anonymous_0)
DA:3,1
DA:5,1
DA:6,102
DA:7,102
LF:4
LH:4
BRF:0
BRH:0
end_of_record
