{
  "RSpec": {
    "coverage": {
      "/home/ubuntu/airport_challenge/ruby/spec/airport_spec.rb": [
        1,
        1,
        1,
        null,
        1,
        null,
        6,
        1,
        5,
        1,
        null,
        1,
        null,
        1,
        1,
        1,
        7,
        1,
        null,
        null,
        1,
        1,
        null,
        null,
        null,
        null,
        1,
        null,
        1,
        1,
        1,
        null,
        null,
        1,
        1,
        1,
        2,
        null,
        null,
        1,
        1,
        6,
        1,
        2,
        null,
        null,
        null,
        1,
        null,
        1,
        1,
        1,
        1,
        null,
        null,
        1,
        1,
        1,
        1,
        1,
        2,
        null,
        null,
        null,
        null
      ],
      "/home/ubuntu/airport_challenge/ruby/lib/airport.rb": [
        1,
        1,
        null,
        1,
        null,
        1,
        null,
        1,
        1,
        1,
        null,
        1,
        9,
        9,
        9,
        null,
        null,
        1,
        17,
        null,
        16,
        null,
        16,
        null,
        15,
        15,
        null,
        null,
        1,
        3,
        null,
        3,
        null,
        2,
        2,
        null,
        null,
        1,
        null,
        1,
        17,
        null,
        null,
        1,
        19,
        null,
        null,
        1,
        0,
        null,
        null,
        null
      ],
      "/home/ubuntu/airport_challenge/ruby/lib/plane.rb": [
        1,
        null,
        1,
        null,
        1,
        21,
        null,
        null,
        1,
        3,
        null,
        null,
        1,
        16,
        null,
        null
      ],
      "/home/ubuntu/airport_challenge/ruby/lib/weather.rb": [
        1,
        1,
        2,
        null,
        null,
        null,
        null,
        null,
        null,
        null,
        null,
        null,
        null,
        null,
        null,
        null,
        null,
        null,
        null,
        null,
        null,
        null,
        null,
        null
      ],
      "/home/ubuntu/airport_challenge/ruby/spec/weather_spec.rb": [
        1,
        1,
        null,
        1,
        null,
        2,
        null,
        1,
        null,
        1,
        1,
        null,
        null,
        null,
        null
      ],
      "/home/ubuntu/airport_challenge/ruby/spec/plane_spec.rb": [
        1,
        1,
        1,
        null,
        1,
        null,
        6,
        3,
        null,
        1,
        1,
        null,
        null,
        1,
        1,
        1,
        1,
        null,
        null,
        1,
        1,
        1,
        1,
        1,
        null,
        null,
        1,
        null,
        1,
        1,
        1,
        null,
        null,
        null,
        null,
        1,
        null,
        1,
        1,
        1,
        null,
        null,
        null,
        null
      ]
    },
    "timestamp": 1719836206
  }
}
